Log file open, 03/22/20 22:15:46
LogWindows: Failed to load 'aqProf.dll' (GetLastError=126)
LogWindows: File 'aqProf.dll' does not exist
LogWindows: Failed to load 'VtuneApi.dll' (GetLastError=126)
LogWindows: File 'VtuneApi.dll' does not exist
LogWindows: Failed to load 'VtuneApi32e.dll' (GetLastError=126)
LogWindows: File 'VtuneApi32e.dll' does not exist
LogConsoleResponse: Display: Failed to find resolution value strings in scalability ini. Falling back to default.
LogInit: Display: Running engine for game: first_KlaudiaSzreder
LogInit: Display: Project file not found: ../../../first_KlaudiaSzreder/first_KlaudiaSzreder.uproject
LogInit: Display: 	Attempting to find via project info helper.
LogUProjectInfo: Found projects:
LogPakFile: Display: Found Pak file ../../../first_KlaudiaSzreder/Content/Paks/first_KlaudiaSzreder-WindowsNoEditor.pak attempting to mount.
LogPakFile: Display: Mounting pak file ../../../first_KlaudiaSzreder/Content/Paks/first_KlaudiaSzreder-WindowsNoEditor.pak.
LogPlatformFile: Not using cached read wrapper
LogTaskGraph: Started task graph with 5 named threads and 23 total threads with 3 sets of task threads.
LogStats: Stats thread started at 0.060372
LogD3D11RHI: Loaded GFSDK_Aftermath_Lib.x64.dll
LogICUInternationalization: ICU TimeZone Detection - Raw Offset: +1:00, Platform Override: ''
LogPluginManager: Mounting plugin Paper2D
LogPluginManager: Mounting plugin AISupport
LogPluginManager: Mounting plugin LightPropagationVolume
LogPluginManager: Mounting plugin AnimationSharing
LogPluginManager: Mounting plugin SignificanceManager
LogPluginManager: Mounting plugin AssetManagerEditor
LogPluginManager: Mounting plugin CryptoKeys
LogPluginManager: Mounting plugin CurveEditorTools
LogPluginManager: Mounting plugin FacialAnimation
LogPluginManager: Mounting plugin DatasmithContent
LogPluginManager: Mounting plugin VariantManagerContent
LogPluginManager: Mounting plugin AlembicImporter
LogPluginManager: Mounting plugin GeometryCache
LogPluginManager: Mounting plugin AutomationUtils
LogPluginManager: Mounting plugin ScreenshotTools
LogPluginManager: Mounting plugin BackChannel
LogPluginManager: Mounting plugin CharacterAI
LogPluginManager: Mounting plugin HTML5Networking
LogPluginManager: Mounting plugin PlatformCrypto
LogPluginManager: Mounting plugin AvfMedia
LogPluginManager: Mounting plugin ImgMedia
LogPluginManager: Mounting plugin MediaCompositing
LogPluginManager: Mounting plugin WmfMedia
LogPluginManager: Mounting plugin TcpMessaging
LogPluginManager: Mounting plugin UdpMessaging
LogPluginManager: Mounting plugin ActorSequence
LogPluginManager: Mounting plugin NetcodeUnitTest
LogPluginManager: Mounting plugin NUTUnrealEngine4
LogPluginManager: Mounting plugin OnlineSubsystemNull
LogPluginManager: Mounting plugin OnlineSubsystem
LogPluginManager: Mounting plugin OnlineSubsystemUtils
LogPluginManager: Mounting plugin LauncherChunkInstaller
LogPluginManager: Mounting plugin AndroidPermission
LogPluginManager: Mounting plugin AppleImageUtils
LogPluginManager: Mounting plugin ArchVisCharacter
LogPluginManager: Mounting plugin AudioCapture
LogPluginManager: Mounting plugin CableComponent
LogPluginManager: Mounting plugin CustomMeshComponent
LogPluginManager: Mounting plugin EditableMesh
LogPluginManager: Mounting plugin ExampleDeviceProfileSelector
LogPluginManager: Mounting plugin LocationServicesBPLibrary
LogPluginManager: Mounting plugin MobilePatchingUtils
LogPluginManager: Mounting plugin OculusVR
LogPluginManager: Mounting plugin ProceduralMeshComponent
LogPluginManager: Mounting plugin PhysXVehicles
LogPluginManager: Mounting plugin RuntimePhysXCooking
LogPluginManager: Mounting plugin SteamVR
LogPluginManager: Mounting plugin WebMMoviePlayer
LogPluginManager: Mounting plugin WebMMedia
LogPluginManager: Mounting plugin WindowsMoviePlayer
LogInit: Using libcurl 7.55.1-DEV
LogInit:  - built for x86_64-pc-win32
LogInit:  - supports SSL with OpenSSL/1.1.1
LogInit:  - supports HTTP deflate (compression) using libz 1.2.8
LogInit:  - other features:
LogInit:      CURL_VERSION_SSL
LogInit:      CURL_VERSION_LIBZ
LogInit:      CURL_VERSION_IPV6
LogInit:      CURL_VERSION_ASYNCHDNS
LogInit:      CURL_VERSION_LARGEFILE
LogInit:      CURL_VERSION_IDN
LogInit:  CurlRequestOptions (configurable via config and command line):
LogInit:  - bVerifyPeer = true  - Libcurl will verify peer certificate
LogInit:  - bUseHttpProxy = false  - Libcurl will NOT use HTTP proxy
LogInit:  - bDontReuseConnections = false  - Libcurl will reuse connections
LogInit:  - MaxHostConnections = 16  - Libcurl will limit the number of connections to a host
LogInit:  - LocalHostAddr = Default
LogInit:  - BufferSize = 65536
LogOnline: OSS: Creating online subsystem instance for: NULL
LogInit: WinSock: version 1.1 (2.2), MaxSocks=32767, MaxUdp=65467
LogInit: Build: ++UE4+Release-4.23-CL-9631420
LogInit: Engine Version: 4.23.1-9631420+++UE4+Release-4.23
LogInit: Compatible Engine Version: 4.23.0-8386587+++UE4+Release-4.23
LogInit: Net CL: 8386587
LogInit: OS: Windows 10 (Release 1809) (), CPU: Intel(R) Core(TM) i7-4720HQ CPU @ 2.60GHz, GPU: Intel(R) HD Graphics 4600
LogInit: Compiled (64-bit): Oct 18 2019 02:43:36
LogInit: Compiled with Visual C++: 19.16.27030.01
LogInit: Build Configuration: Development
LogInit: Branch Name: ++UE4+Release-4.23
LogInit: Command Line: 
LogInit: Base Directory: D:/UE4/Piatek/first_KlaudiaSzreder/Content/build2/MazeGameSzreder/Engine/Binaries/Win64/
LogInit: Installed Engine Build: 0
LogDevObjectVersion: Number of dev versions registered: 23
LogDevObjectVersion:   Dev-Blueprints (B0D832E4-1F89-4F0D-ACCF-7EB736FD4AA2): 10
LogDevObjectVersion:   Dev-Build (E1C64328-A22C-4D53-A36C-8E866417BD8C): 0
LogDevObjectVersion:   Dev-Core (375EC13C-06E4-48FB-B500-84F0262A717E): 3
LogDevObjectVersion:   Dev-Editor (E4B068ED-F494-42E9-A231-DA0B2E46BB41): 34
LogDevObjectVersion:   Dev-Framework (CFFC743F-43B0-4480-9391-14DF171D2073): 35
LogDevObjectVersion:   Dev-Mobile (B02B49B5-BB20-44E9-A304-32B752E40360): 2
LogDevObjectVersion:   Dev-Networking (A4E4105C-59A1-49B5-A7C5-40C4547EDFEE): 0
LogDevObjectVersion:   Dev-Online (39C831C9-5AE6-47DC-9A44-9C173E1C8E7C): 0
LogDevObjectVersion:   Dev-Physics (78F01B33-EBEA-4F98-B9B4-84EACCB95AA2): 0
LogDevObjectVersion:   Dev-Platform (6631380F-2D4D-43E0-8009-CF276956A95A): 0
LogDevObjectVersion:   Dev-Rendering (12F88B9F-8875-4AFC-A67C-D90C383ABD29): 31
LogDevObjectVersion:   Dev-Sequencer (7B5AE74C-D270-4C10-A958-57980B212A5A): 11
LogDevObjectVersion:   Dev-VR (D7296918-1DD6-4BDD-9DE2-64A83CC13884): 2
LogDevObjectVersion:   Dev-LoadTimes (C2A15278-BFE7-4AFE-6C17-90FF531DF755): 1
LogDevObjectVersion:   Private-Geometry (6EACA3D4-40EC-4CC1-B786-8BED09428FC5): 3
LogDevObjectVersion:   Dev-AnimPhys (29E575DD-E0A3-4627-9D10-D276232CDCEA): 17
LogDevObjectVersion:   Dev-Anim (AF43A65D-7FD3-4947-9873-3E8ED9C1BB05): 2
LogDevObjectVersion:   Dev-ReflectionCapture (6B266CEC-1EC7-4B8F-A30B-E4D90942FC07): 1
LogDevObjectVersion:   Dev-Automation (0DF73D61-A23F-47EA-B727-89E90C41499A): 1
LogDevObjectVersion:   FortniteMain (601D1886-AC64-4F84-AA16-D3DE0DEAC7D6): 27
LogDevObjectVersion:   Dev-Enterprise (9DFFBCD6-494F-0158-E221-12823C92A888): 6
LogDevObjectVersion:   Dev-Niagara (F2AED0AC-9AFE-416F-8664-AA7FFA26D6FC): 1
LogDevObjectVersion:   Dev-Destruction (174F1F0B-B4C6-45A5-B13F-2EE8D0FB917D): 9
LogInit: Presizing for max 2097152 objects, including 1 objects not considered by GC, pre-allocating 0 bytes for permanent pool.
LogStreaming: Display: Async Loading initialized: Event Driven Loader: true, Async Loading Thread: false, Async Post Load: true
LogInit: Object subsystem initialized
LogConfig: Setting CVar [[con.DebugEarlyDefault:1]]
LogConfig: Setting CVar [[r.setres:1280x720]]
[2020.03.22-21.15.47:037][  0]LogConfig: Setting CVar [[con.DebugEarlyDefault:1]]
[2020.03.22-21.15.47:037][  0]LogConfig: Setting CVar [[r.setres:1280x720]]
[2020.03.22-21.15.47:037][  0]LogConfig: Applying CVar settings from Section [/Script/Engine.RendererSettings] File [../../../first_KlaudiaSzreder/Saved/Config/WindowsNoEditor/Engine.ini]
[2020.03.22-21.15.47:037][  0]LogConfig: Setting CVar [[r.GPUCrashDebugging:0]]
[2020.03.22-21.15.47:037][  0]LogConfig: Setting CVar [[r.DefaultFeature.AutoExposure.ExtendDefaultLuminanceRange:1]]
[2020.03.22-21.15.47:037][  0]LogConfig: Applying CVar settings from Section [/Script/Engine.RendererOverrideSettings] File [../../../first_KlaudiaSzreder/Saved/Config/WindowsNoEditor/Engine.ini]
[2020.03.22-21.15.47:037][  0]LogConfig: Applying CVar settings from Section [/Script/Engine.StreamingSettings] File [../../../first_KlaudiaSzreder/Saved/Config/WindowsNoEditor/Engine.ini]
[2020.03.22-21.15.47:037][  0]LogConfig: Setting CVar [[s.MinBulkDataSizeForAsyncLoading:131072]]
[2020.03.22-21.15.47:037][  0]LogConfig: Setting CVar [[s.AsyncLoadingThreadEnabled:0]]
[2020.03.22-21.15.47:037][  0]LogConfig: Setting CVar [[s.EventDrivenLoaderEnabled:1]]
[2020.03.22-21.15.47:037][  0]LogConfig: Setting CVar [[s.WarnIfTimeLimitExceeded:0]]
[2020.03.22-21.15.47:037][  0]LogConfig: Setting CVar [[s.TimeLimitExceededMultiplier:1.5]]
[2020.03.22-21.15.47:037][  0]LogConfig: Setting CVar [[s.TimeLimitExceededMinTime:0.005]]
[2020.03.22-21.15.47:037][  0]LogConfig: Setting CVar [[s.UseBackgroundLevelStreaming:1]]
[2020.03.22-21.15.47:037][  0]LogConfig: Setting CVar [[s.PriorityAsyncLoadingExtraTime:15.0]]
[2020.03.22-21.15.47:037][  0]LogConfig: Setting CVar [[s.LevelStreamingActorsUpdateTimeLimit:5.0]]
[2020.03.22-21.15.47:037][  0]LogConfig: Setting CVar [[s.PriorityLevelStreamingActorsUpdateExtraTime:5.0]]
[2020.03.22-21.15.47:037][  0]LogConfig: Setting CVar [[s.LevelStreamingComponentsRegistrationGranularity:10]]
[2020.03.22-21.15.47:037][  0]LogConfig: Setting CVar [[s.UnregisterComponentsTimeLimit:1.0]]
[2020.03.22-21.15.47:037][  0]LogConfig: Setting CVar [[s.LevelStreamingComponentsUnregistrationGranularity:5]]
[2020.03.22-21.15.47:037][  0]LogConfig: Applying CVar settings from Section [/Script/Engine.GarbageCollectionSettings] File [../../../first_KlaudiaSzreder/Saved/Config/WindowsNoEditor/Engine.ini]
[2020.03.22-21.15.47:037][  0]LogConfig: Setting CVar [[gc.MaxObjectsNotConsideredByGC:1]]
[2020.03.22-21.15.47:037][  0]LogConfig: Setting CVar [[gc.SizeOfPermanentObjectPool:0]]
[2020.03.22-21.15.47:037][  0]LogConfig: Setting CVar [[gc.FlushStreamingOnGC:0]]
[2020.03.22-21.15.47:037][  0]LogConfig: Setting CVar [[gc.NumRetriesBeforeForcingGC:10]]
[2020.03.22-21.15.47:037][  0]LogConfig: Setting CVar [[gc.AllowParallelGC:1]]
[2020.03.22-21.15.47:037][  0]LogConfig: Setting CVar [[gc.TimeBetweenPurgingPendingKillObjects:61.1]]
[2020.03.22-21.15.47:037][  0]LogConfig: Setting CVar [[gc.MaxObjectsInEditor:16777216]]
[2020.03.22-21.15.47:037][  0]LogConfig: Setting CVar [[gc.IncrementalBeginDestroyEnabled:1]]
[2020.03.22-21.15.47:037][  0]LogConfig: Setting CVar [[gc.CreateGCClusters:1]]
[2020.03.22-21.15.47:037][  0]LogConfig: Setting CVar [[gc.MinGCClusterSize:5]]
[2020.03.22-21.15.47:037][  0]LogConfig: Setting CVar [[gc.ActorClusteringEnabled:0]]
[2020.03.22-21.15.47:037][  0]LogConfig: Setting CVar [[gc.BlueprintClusteringEnabled:0]]
[2020.03.22-21.15.47:037][  0]LogConfig: Setting CVar [[gc.UseDisregardForGCOnDedicatedServers:0]]
[2020.03.22-21.15.47:037][  0]LogConfig: Applying CVar settings from Section [/Script/Engine.NetworkSettings] File [../../../first_KlaudiaSzreder/Saved/Config/WindowsNoEditor/Engine.ini]
[2020.03.22-21.15.47:047][  0]LogConfig: Applying CVar settings from Section [ViewDistanceQuality@3] File [../../../first_KlaudiaSzreder/Saved/Config/WindowsNoEditor/Scalability.ini]
[2020.03.22-21.15.47:047][  0]LogConfig: Setting CVar [[r.SkeletalMeshLODBias:0]]
[2020.03.22-21.15.47:047][  0]LogConfig: Setting CVar [[r.ViewDistanceScale:1.0]]
[2020.03.22-21.15.47:047][  0]LogConfig: Applying CVar settings from Section [AntiAliasingQuality@3] File [../../../first_KlaudiaSzreder/Saved/Config/WindowsNoEditor/Scalability.ini]
[2020.03.22-21.15.47:047][  0]LogConfig: Setting CVar [[r.PostProcessAAQuality:4]]
[2020.03.22-21.15.47:047][  0]LogConfig: Applying CVar settings from Section [ShadowQuality@3] File [../../../first_KlaudiaSzreder/Saved/Config/WindowsNoEditor/Scalability.ini]
[2020.03.22-21.15.47:047][  0]LogConfig: Setting CVar [[r.LightFunctionQuality:1]]
[2020.03.22-21.15.47:047][  0]LogConfig: Setting CVar [[r.ShadowQuality:5]]
[2020.03.22-21.15.47:047][  0]LogConfig: Setting CVar [[r.Shadow.CSM.MaxCascades:10]]
[2020.03.22-21.15.47:047][  0]LogConfig: Setting CVar [[r.Shadow.MaxResolution:2048]]
[2020.03.22-21.15.47:047][  0]LogConfig: Setting CVar [[r.Shadow.MaxCSMResolution:2048]]
[2020.03.22-21.15.47:047][  0]LogConfig: Setting CVar [[r.Shadow.RadiusThreshold:0.01]]
[2020.03.22-21.15.47:047][  0]LogConfig: Setting CVar [[r.Shadow.DistanceScale:1.0]]
[2020.03.22-21.15.47:047][  0]LogConfig: Setting CVar [[r.Shadow.CSM.TransitionScale:1.0]]
[2020.03.22-21.15.47:047][  0]LogConfig: Setting CVar [[r.Shadow.PreShadowResolutionFactor:1.0]]
[2020.03.22-21.15.47:047][  0]LogConfig: Setting CVar [[r.DistanceFieldShadowing:1]]
[2020.03.22-21.15.47:047][  0]LogConfig: Setting CVar [[r.DistanceFieldAO:1]]
[2020.03.22-21.15.47:047][  0]LogConfig: Setting CVar [[r.AOQuality:2]]
[2020.03.22-21.15.47:047][  0]LogConfig: Setting CVar [[r.VolumetricFog:1]]
[2020.03.22-21.15.47:047][  0]LogConfig: Setting CVar [[r.VolumetricFog.GridPixelSize:8]]
[2020.03.22-21.15.47:047][  0]LogConfig: Setting CVar [[r.VolumetricFog.GridSizeZ:128]]
[2020.03.22-21.15.47:047][  0]LogConfig: Setting CVar [[r.VolumetricFog.HistoryMissSupersampleCount:4]]
[2020.03.22-21.15.47:047][  0]LogConfig: Setting CVar [[r.LightMaxDrawDistanceScale:1]]
[2020.03.22-21.15.47:047][  0]LogConfig: Setting CVar [[r.CapsuleShadows:1]]
[2020.03.22-21.15.47:047][  0]LogConfig: Applying CVar settings from Section [PostProcessQuality@3] File [../../../first_KlaudiaSzreder/Saved/Config/WindowsNoEditor/Scalability.ini]
[2020.03.22-21.15.47:047][  0]LogConfig: Setting CVar [[r.MotionBlurQuality:4]]
[2020.03.22-21.15.47:047][  0]LogConfig: Setting CVar [[r.AmbientOcclusionMipLevelFactor:0.4]]
[2020.03.22-21.15.47:047][  0]LogConfig: Setting CVar [[r.AmbientOcclusionMaxQuality:100]]
[2020.03.22-21.15.47:047][  0]LogConfig: Setting CVar [[r.AmbientOcclusionLevels:-1]]
[2020.03.22-21.15.47:047][  0]LogConfig: Setting CVar [[r.AmbientOcclusionRadiusScale:1.0]]
[2020.03.22-21.15.47:047][  0]LogConfig: Setting CVar [[r.DepthOfFieldQuality:2]]
[2020.03.22-21.15.47:047][  0]LogConfig: Setting CVar [[r.RenderTargetPoolMin:400]]
[2020.03.22-21.15.47:047][  0]LogConfig: Setting CVar [[r.LensFlareQuality:2]]
[2020.03.22-21.15.47:047][  0]LogConfig: Setting CVar [[r.SceneColorFringeQuality:1]]
[2020.03.22-21.15.47:047][  0]LogConfig: Setting CVar [[r.EyeAdaptationQuality:2]]
[2020.03.22-21.15.47:047][  0]LogConfig: Setting CVar [[r.BloomQuality:5]]
[2020.03.22-21.15.47:047][  0]LogConfig: Setting CVar [[r.FastBlurThreshold:100]]
[2020.03.22-21.15.47:047][  0]LogConfig: Setting CVar [[r.Upscale.Quality:3]]
[2020.03.22-21.15.47:047][  0]LogConfig: Setting CVar [[r.Tonemapper.GrainQuantization:1]]
[2020.03.22-21.15.47:047][  0]LogConfig: Setting CVar [[r.LightShaftQuality:1]]
[2020.03.22-21.15.47:047][  0]LogConfig: Setting CVar [[r.Filter.SizeScale:1]]
[2020.03.22-21.15.47:047][  0]LogConfig: Setting CVar [[r.Tonemapper.Quality:5]]
[2020.03.22-21.15.47:047][  0]LogConfig: Setting CVar [[r.DOF.Gather.AccumulatorQuality:1        ; higher gathering accumulator quality]]
[2020.03.22-21.15.47:047][  0]LogConfig: Setting CVar [[r.DOF.Gather.PostfilterMethod:1          ; Median3x3 postfilering method]]
[2020.03.22-21.15.47:047][  0]LogConfig: Setting CVar [[r.DOF.Gather.EnableBokehSettings:0       ; no bokeh simulation when gathering]]
[2020.03.22-21.15.47:047][  0]LogConfig: Setting CVar [[r.DOF.Gather.RingCount:4                 ; medium number of samples when gathering]]
[2020.03.22-21.15.47:047][  0]LogConfig: Setting CVar [[r.DOF.Scatter.ForegroundCompositing:1    ; additive foreground scattering]]
[2020.03.22-21.15.47:047][  0]LogConfig: Setting CVar [[r.DOF.Scatter.BackgroundCompositing:2    ; additive background scattering]]
[2020.03.22-21.15.47:047][  0]LogConfig: Setting CVar [[r.DOF.Scatter.EnableBokehSettings:1      ; bokeh simulation when scattering]]
[2020.03.22-21.15.47:047][  0]LogConfig: Setting CVar [[r.DOF.Scatter.MaxSpriteRatio:0.1         ; only a maximum of 10% of scattered bokeh]]
[2020.03.22-21.15.47:047][  0]LogConfig: Setting CVar [[r.DOF.Recombine.Quality:1                ; cheap slight out of focus]]
[2020.03.22-21.15.47:047][  0]LogConfig: Setting CVar [[r.DOF.Recombine.EnableBokehSettings:0    ; no bokeh simulation on slight out of focus]]
[2020.03.22-21.15.47:047][  0]LogConfig: Setting CVar [[r.DOF.TemporalAAQuality:1                ; more stable temporal accumulation]]
[2020.03.22-21.15.47:047][  0]LogConfig: Setting CVar [[r.DOF.Kernel.MaxForegroundRadius:0.025]]
[2020.03.22-21.15.47:047][  0]LogConfig: Setting CVar [[r.DOF.Kernel.MaxBackgroundRadius:0.025]]
[2020.03.22-21.15.47:048][  0]LogConfig: Applying CVar settings from Section [TextureQuality@3] File [../../../first_KlaudiaSzreder/Saved/Config/WindowsNoEditor/Scalability.ini]
[2020.03.22-21.15.47:048][  0]LogConfig: Setting CVar [[r.Streaming.MipBias:0]]
[2020.03.22-21.15.47:048][  0]LogConfig: Setting CVar [[r.Streaming.AmortizeCPUToGPUCopy:0]]
[2020.03.22-21.15.47:048][  0]LogConfig: Setting CVar [[r.Streaming.MaxNumTexturesToStreamPerFrame:0]]
[2020.03.22-21.15.47:048][  0]LogConfig: Setting CVar [[r.Streaming.Boost:1]]
[2020.03.22-21.15.47:048][  0]LogConfig: Setting CVar [[r.MaxAnisotropy:8]]
[2020.03.22-21.15.47:048][  0]LogConfig: Setting CVar [[r.Streaming.LimitPoolSizeToVRAM:0]]
[2020.03.22-21.15.47:048][  0]LogConfig: Setting CVar [[r.Streaming.PoolSize:1000]]
[2020.03.22-21.15.47:048][  0]LogConfig: Setting CVar [[r.Streaming.MaxEffectiveScreenSize:0]]
[2020.03.22-21.15.47:048][  0]LogConfig: Applying CVar settings from Section [EffectsQuality@3] File [../../../first_KlaudiaSzreder/Saved/Config/WindowsNoEditor/Scalability.ini]
[2020.03.22-21.15.47:048][  0]LogConfig: Setting CVar [[r.TranslucencyLightingVolumeDim:64]]
[2020.03.22-21.15.47:048][  0]LogConfig: Setting CVar [[r.RefractionQuality:2]]
[2020.03.22-21.15.47:048][  0]LogConfig: Setting CVar [[r.SSR.Quality:3]]
[2020.03.22-21.15.47:048][  0]LogConfig: Setting CVar [[r.SceneColorFormat:4]]
[2020.03.22-21.15.47:048][  0]LogConfig: Setting CVar [[r.DetailMode:2]]
[2020.03.22-21.15.47:048][  0]LogConfig: Setting CVar [[r.TranslucencyVolumeBlur:1]]
[2020.03.22-21.15.47:048][  0]LogConfig: Setting CVar [[r.MaterialQualityLevel:1 ; High quality]]
[2020.03.22-21.15.47:048][  0]LogConfig: Setting CVar [[r.SSS.Scale:1]]
[2020.03.22-21.15.47:048][  0]LogConfig: Setting CVar [[r.SSS.SampleSet:2]]
[2020.03.22-21.15.47:048][  0]LogConfig: Setting CVar [[r.SSS.Quality:1]]
[2020.03.22-21.15.47:048][  0]LogConfig: Setting CVar [[r.SSS.HalfRes:1]]
[2020.03.22-21.15.47:048][  0]LogConfig: Setting CVar [[r.EmitterSpawnRateScale:1.0]]
[2020.03.22-21.15.47:048][  0]LogConfig: Setting CVar [[r.ParticleLightQuality:2]]
[2020.03.22-21.15.47:048][  0]LogConfig: Applying CVar settings from Section [FoliageQuality@3] File [../../../first_KlaudiaSzreder/Saved/Config/WindowsNoEditor/Scalability.ini]
[2020.03.22-21.15.47:048][  0]LogConfig: Setting CVar [[foliage.DensityScale:1.0]]
[2020.03.22-21.15.47:048][  0]LogConfig: Setting CVar [[grass.DensityScale:1.0]]
[2020.03.22-21.15.47:048][  0]LogInit: Selected Device Profile: [WindowsNoEditor]
[2020.03.22-21.15.47:048][  0]LogInit: Applying CVar settings loaded from the selected device profile: [WindowsNoEditor]
[2020.03.22-21.15.47:051][  0]LogHAL: Display: Platform has ~ 8 GB [8497946624 / 8589934592 / 8], which maps to Default [LargestMinGB=32, LargerMinGB=12, DefaultMinGB=8, SmallerMinGB=6, SmallestMinGB=0)
[2020.03.22-21.15.47:051][  0]LogInit: Going up to parent DeviceProfile [Windows]
[2020.03.22-21.15.47:051][  0]LogInit: Going up to parent DeviceProfile []
[2020.03.22-21.15.47:051][  0]LogConfig: Applying CVar settings from Section [ViewDistanceQuality@3] File [../../../first_KlaudiaSzreder/Saved/Config/WindowsNoEditor/Scalability.ini]
[2020.03.22-21.15.47:051][  0]LogConfig: Setting CVar [[r.SkeletalMeshLODBias:0]]
[2020.03.22-21.15.47:051][  0]LogConfig: Setting CVar [[r.ViewDistanceScale:1.0]]
[2020.03.22-21.15.47:051][  0]LogConfig: Applying CVar settings from Section [AntiAliasingQuality@3] File [../../../first_KlaudiaSzreder/Saved/Config/WindowsNoEditor/Scalability.ini]
[2020.03.22-21.15.47:051][  0]LogConfig: Setting CVar [[r.PostProcessAAQuality:4]]
[2020.03.22-21.15.47:051][  0]LogConfig: Applying CVar settings from Section [ShadowQuality@3] File [../../../first_KlaudiaSzreder/Saved/Config/WindowsNoEditor/Scalability.ini]
[2020.03.22-21.15.47:051][  0]LogConfig: Setting CVar [[r.LightFunctionQuality:1]]
[2020.03.22-21.15.47:051][  0]LogConfig: Setting CVar [[r.ShadowQuality:5]]
[2020.03.22-21.15.47:051][  0]LogConfig: Setting CVar [[r.Shadow.CSM.MaxCascades:10]]
[2020.03.22-21.15.47:051][  0]LogConfig: Setting CVar [[r.Shadow.MaxResolution:2048]]
[2020.03.22-21.15.47:051][  0]LogConfig: Setting CVar [[r.Shadow.MaxCSMResolution:2048]]
[2020.03.22-21.15.47:051][  0]LogConfig: Setting CVar [[r.Shadow.RadiusThreshold:0.01]]
[2020.03.22-21.15.47:051][  0]LogConfig: Setting CVar [[r.Shadow.DistanceScale:1.0]]
[2020.03.22-21.15.47:051][  0]LogConfig: Setting CVar [[r.Shadow.CSM.TransitionScale:1.0]]
[2020.03.22-21.15.47:051][  0]LogConfig: Setting CVar [[r.Shadow.PreShadowResolutionFactor:1.0]]
[2020.03.22-21.15.47:051][  0]LogConfig: Setting CVar [[r.DistanceFieldShadowing:1]]
[2020.03.22-21.15.47:051][  0]LogConfig: Setting CVar [[r.DistanceFieldAO:1]]
[2020.03.22-21.15.47:051][  0]LogConfig: Setting CVar [[r.AOQuality:2]]
[2020.03.22-21.15.47:051][  0]LogConfig: Setting CVar [[r.VolumetricFog:1]]
[2020.03.22-21.15.47:051][  0]LogConfig: Setting CVar [[r.VolumetricFog.GridPixelSize:8]]
[2020.03.22-21.15.47:051][  0]LogConfig: Setting CVar [[r.VolumetricFog.GridSizeZ:128]]
[2020.03.22-21.15.47:051][  0]LogConfig: Setting CVar [[r.VolumetricFog.HistoryMissSupersampleCount:4]]
[2020.03.22-21.15.47:051][  0]LogConfig: Setting CVar [[r.LightMaxDrawDistanceScale:1]]
[2020.03.22-21.15.47:051][  0]LogConfig: Setting CVar [[r.CapsuleShadows:1]]
[2020.03.22-21.15.47:051][  0]LogConfig: Applying CVar settings from Section [PostProcessQuality@3] File [../../../first_KlaudiaSzreder/Saved/Config/WindowsNoEditor/Scalability.ini]
[2020.03.22-21.15.47:051][  0]LogConfig: Setting CVar [[r.MotionBlurQuality:4]]
[2020.03.22-21.15.47:051][  0]LogConfig: Setting CVar [[r.AmbientOcclusionMipLevelFactor:0.4]]
[2020.03.22-21.15.47:051][  0]LogConfig: Setting CVar [[r.AmbientOcclusionMaxQuality:100]]
[2020.03.22-21.15.47:051][  0]LogConfig: Setting CVar [[r.AmbientOcclusionLevels:-1]]
[2020.03.22-21.15.47:051][  0]LogConfig: Setting CVar [[r.AmbientOcclusionRadiusScale:1.0]]
[2020.03.22-21.15.47:051][  0]LogConfig: Setting CVar [[r.DepthOfFieldQuality:2]]
[2020.03.22-21.15.47:051][  0]LogConfig: Setting CVar [[r.RenderTargetPoolMin:400]]
[2020.03.22-21.15.47:051][  0]LogConfig: Setting CVar [[r.LensFlareQuality:2]]
[2020.03.22-21.15.47:051][  0]LogConfig: Setting CVar [[r.SceneColorFringeQuality:1]]
[2020.03.22-21.15.47:051][  0]LogConfig: Setting CVar [[r.EyeAdaptationQuality:2]]
[2020.03.22-21.15.47:051][  0]LogConfig: Setting CVar [[r.BloomQuality:5]]
[2020.03.22-21.15.47:051][  0]LogConfig: Setting CVar [[r.FastBlurThreshold:100]]
[2020.03.22-21.15.47:051][  0]LogConfig: Setting CVar [[r.Upscale.Quality:3]]
[2020.03.22-21.15.47:051][  0]LogConfig: Setting CVar [[r.Tonemapper.GrainQuantization:1]]
[2020.03.22-21.15.47:051][  0]LogConfig: Setting CVar [[r.LightShaftQuality:1]]
[2020.03.22-21.15.47:051][  0]LogConfig: Setting CVar [[r.Filter.SizeScale:1]]
[2020.03.22-21.15.47:051][  0]LogConfig: Setting CVar [[r.Tonemapper.Quality:5]]
[2020.03.22-21.15.47:051][  0]LogConfig: Setting CVar [[r.DOF.Gather.AccumulatorQuality:1        ; higher gathering accumulator quality]]
[2020.03.22-21.15.47:051][  0]LogConfig: Setting CVar [[r.DOF.Gather.PostfilterMethod:1          ; Median3x3 postfilering method]]
[2020.03.22-21.15.47:051][  0]LogConfig: Setting CVar [[r.DOF.Gather.EnableBokehSettings:0       ; no bokeh simulation when gathering]]
[2020.03.22-21.15.47:051][  0]LogConfig: Setting CVar [[r.DOF.Gather.RingCount:4                 ; medium number of samples when gathering]]
[2020.03.22-21.15.47:051][  0]LogConfig: Setting CVar [[r.DOF.Scatter.ForegroundCompositing:1    ; additive foreground scattering]]
[2020.03.22-21.15.47:051][  0]LogConfig: Setting CVar [[r.DOF.Scatter.BackgroundCompositing:2    ; additive background scattering]]
[2020.03.22-21.15.47:052][  0]LogConfig: Setting CVar [[r.DOF.Scatter.EnableBokehSettings:1      ; bokeh simulation when scattering]]
[2020.03.22-21.15.47:052][  0]LogConfig: Setting CVar [[r.DOF.Scatter.MaxSpriteRatio:0.1         ; only a maximum of 10% of scattered bokeh]]
[2020.03.22-21.15.47:052][  0]LogConfig: Setting CVar [[r.DOF.Recombine.Quality:1                ; cheap slight out of focus]]
[2020.03.22-21.15.47:052][  0]LogConfig: Setting CVar [[r.DOF.Recombine.EnableBokehSettings:0    ; no bokeh simulation on slight out of focus]]
[2020.03.22-21.15.47:052][  0]LogConfig: Setting CVar [[r.DOF.TemporalAAQuality:1                ; more stable temporal accumulation]]
[2020.03.22-21.15.47:052][  0]LogConfig: Setting CVar [[r.DOF.Kernel.MaxForegroundRadius:0.025]]
[2020.03.22-21.15.47:052][  0]LogConfig: Setting CVar [[r.DOF.Kernel.MaxBackgroundRadius:0.025]]
[2020.03.22-21.15.47:052][  0]LogConfig: Applying CVar settings from Section [TextureQuality@3] File [../../../first_KlaudiaSzreder/Saved/Config/WindowsNoEditor/Scalability.ini]
[2020.03.22-21.15.47:052][  0]LogConfig: Setting CVar [[r.Streaming.MipBias:0]]
[2020.03.22-21.15.47:052][  0]LogConfig: Setting CVar [[r.Streaming.AmortizeCPUToGPUCopy:0]]
[2020.03.22-21.15.47:052][  0]LogConfig: Setting CVar [[r.Streaming.MaxNumTexturesToStreamPerFrame:0]]
[2020.03.22-21.15.47:052][  0]LogConfig: Setting CVar [[r.Streaming.Boost:1]]
[2020.03.22-21.15.47:052][  0]LogConfig: Setting CVar [[r.MaxAnisotropy:8]]
[2020.03.22-21.15.47:052][  0]LogConfig: Setting CVar [[r.Streaming.LimitPoolSizeToVRAM:0]]
[2020.03.22-21.15.47:052][  0]LogConfig: Setting CVar [[r.Streaming.PoolSize:1000]]
[2020.03.22-21.15.47:052][  0]LogConfig: Setting CVar [[r.Streaming.MaxEffectiveScreenSize:0]]
[2020.03.22-21.15.47:052][  0]LogConfig: Applying CVar settings from Section [EffectsQuality@3] File [../../../first_KlaudiaSzreder/Saved/Config/WindowsNoEditor/Scalability.ini]
[2020.03.22-21.15.47:052][  0]LogConfig: Setting CVar [[r.TranslucencyLightingVolumeDim:64]]
[2020.03.22-21.15.47:052][  0]LogConfig: Setting CVar [[r.RefractionQuality:2]]
[2020.03.22-21.15.47:052][  0]LogConfig: Setting CVar [[r.SSR.Quality:3]]
[2020.03.22-21.15.47:052][  0]LogConfig: Setting CVar [[r.SceneColorFormat:4]]
[2020.03.22-21.15.47:052][  0]LogConfig: Setting CVar [[r.DetailMode:2]]
[2020.03.22-21.15.47:052][  0]LogConfig: Setting CVar [[r.TranslucencyVolumeBlur:1]]
[2020.03.22-21.15.47:052][  0]LogConfig: Setting CVar [[r.MaterialQualityLevel:1 ; High quality]]
[2020.03.22-21.15.47:052][  0]LogConfig: Setting CVar [[r.SSS.Scale:1]]
[2020.03.22-21.15.47:052][  0]LogConfig: Setting CVar [[r.SSS.SampleSet:2]]
[2020.03.22-21.15.47:052][  0]LogConfig: Setting CVar [[r.SSS.Quality:1]]
[2020.03.22-21.15.47:052][  0]LogConfig: Setting CVar [[r.SSS.HalfRes:1]]
[2020.03.22-21.15.47:052][  0]LogConfig: Setting CVar [[r.EmitterSpawnRateScale:1.0]]
[2020.03.22-21.15.47:052][  0]LogConfig: Setting CVar [[r.ParticleLightQuality:2]]
[2020.03.22-21.15.47:052][  0]LogConfig: Applying CVar settings from Section [FoliageQuality@3] File [../../../first_KlaudiaSzreder/Saved/Config/WindowsNoEditor/Scalability.ini]
[2020.03.22-21.15.47:052][  0]LogConfig: Setting CVar [[foliage.DensityScale:1.0]]
[2020.03.22-21.15.47:052][  0]LogConfig: Setting CVar [[grass.DensityScale:1.0]]
[2020.03.22-21.15.47:052][  0]LogConfig: Applying CVar settings from Section [Startup] File [../../../Engine/Config/ConsoleVariables.ini]
[2020.03.22-21.15.47:052][  0]LogConfig: Setting CVar [[net.UseAdaptiveNetUpdateFrequency:0]]
[2020.03.22-21.15.47:052][  0]LogConfig: Setting CVar [[p.chaos.AllowCreatePhysxBodies:1]]
[2020.03.22-21.15.47:052][  0]LogConfig: Applying CVar settings from Section [ConsoleVariables] File [../../../first_KlaudiaSzreder/Saved/Config/WindowsNoEditor/Engine.ini]
[2020.03.22-21.15.47:052][  0]LogInit: Computer: DESKTOP-D3182AT
[2020.03.22-21.15.47:052][  0]LogInit: User: Klaudia
[2020.03.22-21.15.47:052][  0]LogInit: CPU Page size=4096, Cores=4
[2020.03.22-21.15.47:052][  0]LogInit: High frequency timer resolution =10.000000 MHz
[2020.03.22-21.15.47:053][  0]LogMemory: Memory total: Physical=7.9GB (8GB approx)
[2020.03.22-21.15.47:053][  0]LogMemory: Platform Memory Stats for WindowsNoEditor
[2020.03.22-21.15.47:053][  0]LogMemory: Process Physical Memory: 54.78 MB used, 54.79 MB peak
[2020.03.22-21.15.47:053][  0]LogMemory: Process Virtual Memory: 68.39 MB used, 68.39 MB peak
[2020.03.22-21.15.47:053][  0]LogMemory: Physical Memory: 6975.50 MB used,  1128.78 MB free, 8104.27 MB total
[2020.03.22-21.15.47:053][  0]LogMemory: Virtual Memory: 4467.56 MB used,  134213264.00 MB free, 134217728.00 MB total
[2020.03.22-21.15.47:057][  0]LogWindows: WindowsPlatformFeatures enabled
[2020.03.22-21.15.47:285][  0]LogInit: Using OS detected language (pl-PL).
[2020.03.22-21.15.47:285][  0]LogInit: Using OS detected locale (pl-PL).
[2020.03.22-21.15.47:285][  0]LogTextLocalizationManager: No localization for 'pl-PL' exists, so 'en' will be used for the language.
[2020.03.22-21.15.47:285][  0]LogTextLocalizationManager: No localization for 'pl-PL' exists, so 'en' will be used for the locale.
[2020.03.22-21.15.47:332][  0]LogSlate: New Slate User Created.  User Index 0, Is Virtual User: 0
[2020.03.22-21.15.47:332][  0]LogSlate: Slate User Registered.  User Index 0, Is Virtual User: 0
[2020.03.22-21.15.47:366][  0]LogHMD: Failed to initialize OpenVR with code 110
[2020.03.22-21.15.47:366][  0]LogD3D11RHI: D3D11 adapters:
[2020.03.22-21.15.47:431][  0]LogD3D11RHI:    0. 'NVIDIA GeForce GTX 960M' (Feature Level 11_0)
[2020.03.22-21.15.47:431][  0]LogD3D11RHI:       4064/0/4052 MB DedicatedVideo/DedicatedSystem/SharedSystem, Outputs:2, VendorId:0x10de
[2020.03.22-21.15.47:440][  0]LogD3D11RHI:    1. 'Intel(R) HD Graphics 4600' (Feature Level 11_0)
[2020.03.22-21.15.47:440][  0]LogD3D11RHI:       112/0/2048 MB DedicatedVideo/DedicatedSystem/SharedSystem, Outputs:0, VendorId:0x8086
[2020.03.22-21.15.47:444][  0]LogD3D11RHI:    2. 'Microsoft Basic Render Driver' (Feature Level 11_0)
[2020.03.22-21.15.47:444][  0]LogD3D11RHI:       0/0/4052 MB DedicatedVideo/DedicatedSystem/SharedSystem, Outputs:0, VendorId:0x1414
[2020.03.22-21.15.47:444][  0]LogD3D11RHI: Chosen D3D11 Adapter: 0
[2020.03.22-21.15.47:459][  0]LogD3D11RHI: Creating new Direct3DDevice
[2020.03.22-21.15.47:459][  0]LogD3D11RHI:     GPU DeviceId: 0x139b (for the marketing name, search the web for "GPU Device Id")
[2020.03.22-21.15.47:459][  0]LogWindows: EnumDisplayDevices:
[2020.03.22-21.15.47:459][  0]LogWindows:    0. 'Intel(R) HD Graphics 4600' (P:1 D:1)
[2020.03.22-21.15.47:460][  0]LogWindows:    1. 'Intel(R) HD Graphics 4600' (P:0 D:1)
[2020.03.22-21.15.47:461][  0]LogWindows:    2. 'Intel(R) HD Graphics 4600' (P:0 D:0)
[2020.03.22-21.15.47:461][  0]LogWindows: DebugString: PrimaryIsNotTheChoosenAdapter PrimaryIsNotTheChoosenAdapter PrimaryIsNotTheChoosenAdapter FoundDriverCount:0 
[2020.03.22-21.15.47:461][  0]LogD3D11RHI:     Adapter Name: NVIDIA GeForce GTX 960M
[2020.03.22-21.15.47:461][  0]LogD3D11RHI:   Driver Version: Unknown (internal:Unknown, unified:Unknown)
[2020.03.22-21.15.47:461][  0]LogD3D11RHI:      Driver Date: Unknown
[2020.03.22-21.15.47:461][  0]LogRHI: Texture pool is 2845 MB (70% of 4064 MB)
[2020.03.22-21.15.47:495][  0]LogD3D11RHI: Async texture creation enabled
[2020.03.22-21.15.47:509][  0]LogD3D11RHI: GPU Timing Frequency: 1000.000000 (Debug: 2 1)
[2020.03.22-21.15.47:531][  0]LogMaterial: Verifying Global Shaders for PCD3D_SM5
[2020.03.22-21.15.47:536][  0]LogSlate: Using FreeType 2.6.0
[2020.03.22-21.15.47:537][  0]LogSlate: SlateFontServices - WITH_FREETYPE: 1, WITH_HARFBUZZ: 1
[2020.03.22-21.15.47:623][  0]LogInit: Using OS detected language (pl-PL).
[2020.03.22-21.15.47:623][  0]LogInit: Using OS detected locale (pl-PL).
[2020.03.22-21.15.47:623][  0]LogTextLocalizationManager: No localization for 'pl-PL' exists, so 'en' will be used for the language.
[2020.03.22-21.15.47:624][  0]LogTextLocalizationManager: No localization for 'pl-PL' exists, so 'en' will be used for the locale.
[2020.03.22-21.15.47:625][  0]LogTextLocalizationManager: Compacting localization data took   0.83ms
[2020.03.22-21.15.47:629][  0]LogAssetRegistry: FAssetRegistry took 0.0037 seconds to start up
[2020.03.22-21.15.47:772][  0]LogStreaming: Display: Flushing async loaders.
[2020.03.22-21.15.47:773][  0]LogPackageLocalizationCache: Processed 11 localized package path(s) for 1 prioritized culture(s) in 0.000118 seconds
[2020.03.22-21.15.47:773][  0]LogPakFile: New pak file ../../../first_KlaudiaSzreder/Content/Paks/first_KlaudiaSzreder-WindowsNoEditor.pak added to pak precacher.
[2020.03.22-21.15.47:778][  0]LogInit: Selected Device Profile: [WindowsNoEditor]
[2020.03.22-21.15.47:790][  0]LogNetVersion: first_KlaudiaSzreder 1.0.0, NetCL: 8386587, EngineNetVer: 11, GameNetVer: 0 (Checksum: 2179590007)
[2020.03.22-21.15.48:165][  0]LogMoviePlayer: Initializing movie player
[2020.03.22-21.15.48:165][  0]LogAndroidPermission: UAndroidPermissionCallbackProxy::GetInstance
[2020.03.22-21.15.48:166][  0]LogOcInput: OculusInput pre-init called
[2020.03.22-21.15.48:173][  0]LogUObjectArray: 39543 objects as part of root set at end of initial load.
[2020.03.22-21.15.48:173][  0]LogUObjectArray: 2 objects are not in the root set, but can never be destroyed because they are in the DisregardForGC set.
[2020.03.22-21.15.48:173][  0]LogUObjectAllocator: 5931376 out of 0 bytes used by permanent object pool.
[2020.03.22-21.15.48:173][  0]LogUObjectArray: CloseDisregardForGC: 39543/39543 objects in disregard for GC pool
[2020.03.22-21.15.48:175][  0]LogEngine: Initializing Engine...
[2020.03.22-21.15.48:175][  0]LogHMD: Failed to initialize OpenVR with code 110
[2020.03.22-21.15.48:176][  0]LogStats: UGameplayTagsManager::InitializeManager -  0.000 s
[2020.03.22-21.15.48:321][  0]LogInit: Initializing FReadOnlyCVARCache
[2020.03.22-21.15.48:380][  0]LogAudioDebug: Display: Lib vorbis DLL was dynamically loaded.
[2020.03.22-21.15.48:422][  0]LogInit: XAudio2 using 'Głośniki (Realtek High Definition Audio)' : 2 channels at 48 kHz using 32 bits per sample (channel mask 0x3)
[2020.03.22-21.15.48:461][  0]LogInit: FAudioDevice initialized.
[2020.03.22-21.15.48:462][  0]LogNetVersion: Set ProjectVersion to 1.0.0.0. Version Checksum will be recalculated on next use.
[2020.03.22-21.15.48:462][  0]LogInit: Texture streaming: Enabled
[2020.03.22-21.15.48:482][  0]LogSlate: Updating window title bar state: overlay mode, drag disabled, window buttons hidden, title bar hidden
[2020.03.22-21.15.48:482][  0]LogInit: Display: Game Engine Initialized.
[2020.03.22-21.15.48:483][  0]LogInit: Display: Starting Game.
[2020.03.22-21.15.48:483][  0]LogNet: Browse: /Game/StarterContent/Maps/Minimal_Default?Name=Player
[2020.03.22-21.15.48:483][  0]LogLoad: LoadMap: /Game/StarterContent/Maps/Minimal_Default?Name=Player
[2020.03.22-21.15.48:483][  0]LogWorld: BeginTearingDown for /Temp/Untitled_0
[2020.03.22-21.15.48:487][  0]LogWorld: UWorld::CleanupWorld for Untitled, bSessionEnded=true, bCleanupResources=true
[2020.03.22-21.15.48:496][  0]LogUObjectHash: Compacting FUObjectHashTables data took   3.39ms
[2020.03.22-21.15.48:563][  0]LogAIModule: Creating AISystem for world Minimal_Default
[2020.03.22-21.15.48:563][  0]LogLoad: Game class is 'GameModeBase'
[2020.03.22-21.15.48:568][  0]LogWorld: Bringing World /Game/StarterContent/Maps/Minimal_Default.Minimal_Default up for play (max tick rate 0) at 2020.03.22-22.15.48
[2020.03.22-21.15.48:569][  0]LogWorld: Bringing up level for play took: 0.004670
[2020.03.22-21.15.48:572][  0]LogBlueprintUserMessages: [Minimal_Default_C_1] Witaj w moim labiryncie! Sprawdźmy jak szybko z niego uciekniesz
[2020.03.22-21.15.48:572][  0]LogLoad: Took 0.088248 seconds to LoadMap(/Game/StarterContent/Maps/Minimal_Default)
[2020.03.22-21.15.48:581][  0]LogRenderer: Reallocating scene render targets to support 1920x1080 Format 10 NumSamples 1 (Frame:1).
[2020.03.22-21.15.48:581][  0]LogSlate: Took 0.001271 seconds to synchronously load lazily loaded font '../../../Engine/Content/Slate/Fonts/Roboto-Regular.ttf' (155K)
[2020.03.22-21.15.48:586][  0]LogLoad: (Engine Initialization) Total time: 1.86 seconds
[2020.03.22-21.15.48:638][  0]LogContentStreaming: Texture pool size now 1000 MB
[2020.03.22-21.15.48:721][  2]LogRenderer: Reallocating scene render targets to support 128x128 Format 10 NumSamples 1 (Frame:1).
[2020.03.22-21.15.48:757][  2]LogRenderer: Reallocating scene render targets to support 1920x1080 Format 10 NumSamples 1 (Frame:2).
[2020.03.22-21.15.51:121][143]LogBlueprintUserMessages: [Minimal_Default_C_1] You Win!
[2020.03.22-21.15.51:121][143]LogBlueprintUserMessages: [Minimal_Default_C_1] 2.502864
[2020.03.22-21.15.52:253][211]Closing by request
[2020.03.22-21.15.52:253][211]LogWindows: FPlatformMisc::RequestExit(0)
[2020.03.22-21.15.52:309][212]LogWorld: BeginTearingDown for /Game/StarterContent/Maps/Minimal_Default
[2020.03.22-21.15.52:309][212]LogWorld: UWorld::CleanupWorld for Minimal_Default, bSessionEnded=true, bCleanupResources=true
[2020.03.22-21.15.53:181][212]LogSlate: Request Window 'first_KlaudiaSzreder (64-bit Development PCD3D_SM5) ' being destroyed
[2020.03.22-21.15.53:184][212]LogSlate: Window 'first_KlaudiaSzreder (64-bit Development PCD3D_SM5) ' being destroyed
[2020.03.22-21.15.53:185][212]LogWindowsTextInputMethodSystem: Display: IME system now deactivated.
[2020.03.22-21.15.53:233][212]LogSlate: Slate User Destroyed.  User Index 0, Is Virtual User: 0
[2020.03.22-21.15.53:233][212]LogExit: Preparing to exit.
[2020.03.22-21.15.53:233][212]LogMoviePlayer: Shutting down movie player
[2020.03.22-21.15.53:240][212]LogSlate: Updating window title bar state: overlay mode, drag disabled, window buttons hidden, title bar hidden
[2020.03.22-21.15.53:241][212]LogDemo: Cleaned up 0 splitscreen connections with owner deletion
[2020.03.22-21.15.53:243][212]LogExit: Game engine shut down
[2020.03.22-21.15.53:298][212]LogExit: Object subsystem successfully closed.
[2020.03.22-21.15.53:311][212]LogModuleManager: Shutting down and abandoning module AutomationController (212)
[2020.03.22-21.15.53:311][212]LogModuleManager: Shutting down and abandoning module AutomationWorker (210)
[2020.03.22-21.15.53:311][212]LogModuleManager: Shutting down and abandoning module Voice (208)
[2020.03.22-21.15.53:311][212]LogModuleManager: Shutting down and abandoning module AIModule (206)
[2020.03.22-21.15.53:311][212]LogModuleManager: Shutting down and abandoning module GameplayDebugger (205)
[2020.03.22-21.15.53:311][212]LogModuleManager: Shutting down and abandoning module NavigationSystem (203)
[2020.03.22-21.15.53:311][212]LogModuleManager: Shutting down and abandoning module WebMMediaFactory (200)
[2020.03.22-21.15.53:311][212]LogModuleManager: Shutting down and abandoning module WebMMedia (198)
[2020.03.22-21.15.53:311][212]LogModuleManager: Shutting down and abandoning module OculusMR (196)
[2020.03.22-21.15.53:312][212]LogModuleManager: Shutting down and abandoning module WmfMediaFactory (194)
[2020.03.22-21.15.53:312][212]LogModuleManager: Shutting down and abandoning module OpenExrWrapper (192)
[2020.03.22-21.15.53:312][212]LogModuleManager: Shutting down and abandoning module ImgMediaFactory (190)
[2020.03.22-21.15.53:312][212]LogModuleManager: Shutting down and abandoning module AvfMediaFactory (188)
[2020.03.22-21.15.53:312][212]LogModuleManager: Shutting down and abandoning module CharacterAI (186)
[2020.03.22-21.15.53:312][212]LogModuleManager: Shutting down and abandoning module SessionServices (184)
[2020.03.22-21.15.53:312][212]LogModuleManager: Shutting down and abandoning module LiveCoding (182)
[2020.03.22-21.15.53:312][212]LogModuleManager: Shutting down and abandoning module LevelSequence (180)
[2020.03.22-21.15.53:312][212]LogModuleManager: Shutting down and abandoning module MovieSceneTracks (178)
[2020.03.22-21.15.53:312][212]LogModuleManager: Shutting down and abandoning module MovieScene (176)
[2020.03.22-21.15.53:312][212]LogModuleManager: Shutting down and abandoning module StreamingPauseRendering (174)
[2020.03.22-21.15.53:312][212]LogModuleManager: Shutting down and abandoning module ImageWriteQueue (172)
[2020.03.22-21.15.53:313][212]LogModuleManager: Shutting down and abandoning module ProfilerService (170)
[2020.03.22-21.15.53:435][212]LogModuleManager: Shutting down and abandoning module TaskGraph (168)
[2020.03.22-21.15.53:435][212]LogModuleManager: Shutting down and abandoning module SteamVRController (166)
[2020.03.22-21.15.53:435][212]LogModuleManager: Shutting down and abandoning module ProceduralMeshComponent (164)
[2020.03.22-21.15.53:435][212]LogModuleManager: Shutting down and abandoning module OculusInput (162)
[2020.03.22-21.15.53:435][212]LogModuleManager: Shutting down and abandoning module MobilePatchingUtils (160)
[2020.03.22-21.15.53:435][212]LogModuleManager: Shutting down and abandoning module EditableMesh (158)
[2020.03.22-21.15.53:435][212]LogModuleManager: Shutting down and abandoning module CustomMeshComponent (156)
[2020.03.22-21.15.53:435][212]LogModuleManager: Shutting down and abandoning module CableComponent (154)
[2020.03.22-21.15.53:435][212]LogModuleManager: Shutting down and abandoning module AudioCapture (152)
[2020.03.22-21.15.53:435][212]LogModuleManager: Shutting down and abandoning module ArchVisCharacter (150)
[2020.03.22-21.15.53:435][212]LogModuleManager: Shutting down and abandoning module AppleImageUtils (148)
[2020.03.22-21.15.53:435][212]LogModuleManager: Shutting down and abandoning module AndroidPermission (146)
[2020.03.22-21.15.53:435][212]LogModuleManager: Shutting down and abandoning module MediaCompositing (144)
[2020.03.22-21.15.53:435][212]LogModuleManager: Shutting down and abandoning module ImgMedia (142)
[2020.03.22-21.15.53:435][212]LogModuleManager: Shutting down and abandoning module HTML5Networking (140)
[2020.03.22-21.15.53:435][212]LogModuleManager: Shutting down and abandoning module BackChannel (138)
[2020.03.22-21.15.53:435][212]LogModuleManager: Shutting down and abandoning module AutomationUtils (136)
[2020.03.22-21.15.53:435][212]LogModuleManager: Shutting down and abandoning module GeometryCacheTracks (134)
[2020.03.22-21.15.53:435][212]LogModuleManager: Shutting down and abandoning module GeometryCache (132)
[2020.03.22-21.15.53:435][212]LogModuleManager: Shutting down and abandoning module VariantManagerContent (130)
[2020.03.22-21.15.53:435][212]LogModuleManager: Shutting down and abandoning module RuntimePhysXCooking (128)
[2020.03.22-21.15.53:435][212]LogModuleManager: Shutting down and abandoning module LocationServicesBPLibrary (124)
[2020.03.22-21.15.53:435][212]LogModuleManager: Shutting down and abandoning module ActorSequence (122)
[2020.03.22-21.15.53:435][212]LogModuleManager: Shutting down and abandoning module UdpMessaging (120)
[2020.03.22-21.15.53:435][212]LogModuleManager: Shutting down and abandoning module TcpMessaging (118)
[2020.03.22-21.15.53:435][212]LogModuleManager: Shutting down and abandoning module FacialAnimation (116)
[2020.03.22-21.15.53:435][212]LogModuleManager: Shutting down and abandoning module SignificanceManager (114)
[2020.03.22-21.15.53:435][212]LogModuleManager: Shutting down and abandoning module AnimationSharing (112)
[2020.03.22-21.15.53:435][212]LogModuleManager: Shutting down and abandoning module LightPropagationVolumeRuntime (110)
[2020.03.22-21.15.53:435][212]LogModuleManager: Shutting down and abandoning module Paper2D (108)
[2020.03.22-21.15.53:435][212]LogModuleManager: Shutting down and abandoning module WindowsMoviePlayer (106)
[2020.03.22-21.15.53:437][212]LogModuleManager: Shutting down and abandoning module WebMMoviePlayer (104)
[2020.03.22-21.15.53:437][212]LogModuleManager: Shutting down and abandoning module NetworkReplayStreaming (102)
[2020.03.22-21.15.53:437][212]LogModuleManager: Shutting down and abandoning module PacketHandler (100)
[2020.03.22-21.15.53:437][212]LogModuleManager: Shutting down and abandoning module ClothingSystemRuntime (98)
[2020.03.22-21.15.53:437][212]LogModuleManager: Shutting down and abandoning module MediaAssets (96)
[2020.03.22-21.15.53:437][212]LogModuleManager: Shutting down and abandoning module Overlay (94)
[2020.03.22-21.15.53:437][212]LogModuleManager: Shutting down and abandoning module UMG (92)
[2020.03.22-21.15.53:437][212]LogModuleManager: Shutting down and abandoning module SlateReflector (90)
[2020.03.22-21.15.53:437][212]LogModuleManager: Shutting down and abandoning module Slate (88)
[2020.03.22-21.15.53:438][212]LogModuleManager: Shutting down and abandoning module MRMesh (86)
[2020.03.22-21.15.53:438][212]LogModuleManager: Shutting down and abandoning module Messaging (84)
[2020.03.22-21.15.53:438][212]LogModuleManager: Shutting down and abandoning module HeadMountedDisplay (82)
[2020.03.22-21.15.53:438][212]LogModuleManager: Shutting down and abandoning module XAudio2 (80)
[2020.03.22-21.15.53:438][212]LogModuleManager: Shutting down and abandoning module Networking (78)
[2020.03.22-21.15.53:438][212]LogModuleManager: Shutting down and abandoning module Core (76)
[2020.03.22-21.15.53:438][212]LogModuleManager: Shutting down and abandoning module ImageWrapper (72)
[2020.03.22-21.15.53:438][212]LogModuleManager: Shutting down and abandoning module InputCore (70)
[2020.03.22-21.15.53:438][212]LogModuleManager: Shutting down and abandoning module PhysXCooking (68)
[2020.03.22-21.15.53:438][212]LogModuleManager: Shutting down and abandoning module WindowsPlatformFeatures (66)
[2020.03.22-21.15.53:438][212]LogModuleManager: Shutting down and abandoning module GameplayMediaEncoder (65)
[2020.03.22-21.15.53:438][212]LogModuleManager: Shutting down and abandoning module SteamVR (62)
[2020.03.22-21.15.53:438][212]LogHMD: Freeing OpenVRDLLHandle.
[2020.03.22-21.15.53:438][212]LogModuleManager: Shutting down and abandoning module OculusHMD (60)
[2020.03.22-21.15.53:438][212]LogModuleManager: Shutting down and abandoning module ExampleDeviceProfileSelector (58)
[2020.03.22-21.15.53:438][212]LogModuleManager: Shutting down and abandoning module LauncherChunkInstaller (56)
[2020.03.22-21.15.53:438][212]LogModuleManager: Shutting down and abandoning module OnlineSubsystem (52)
[2020.03.22-21.15.53:438][212]LogModuleManager: Shutting down and abandoning module HTTP (47)
[2020.03.22-21.15.53:457][212]LogModuleManager: Shutting down and abandoning module SSL (46)
[2020.03.22-21.15.53:458][212]LogModuleManager: Shutting down and abandoning module WmfMedia (42)
[2020.03.22-21.15.53:459][212]LogModuleManager: Shutting down and abandoning module Media (41)
[2020.03.22-21.15.53:459][212]LogModuleManager: Shutting down and abandoning module DatasmithContent (38)
[2020.03.22-21.15.53:459][212]LogModuleManager: Shutting down and abandoning module AISupportModule (36)
[2020.03.22-21.15.53:459][212]LogModuleManager: Shutting down and abandoning module PlatformCryptoOpenSSL (34)
[2020.03.22-21.15.53:459][212]LogModuleManager: Shutting down and abandoning module PlatformCrypto (32)
[2020.03.22-21.15.53:459][212]LogModuleManager: Shutting down and abandoning module RenderCore (30)
[2020.03.22-21.15.53:459][212]LogModuleManager: Shutting down and abandoning module Landscape (28)
[2020.03.22-21.15.53:459][212]LogModuleManager: Shutting down and abandoning module SlateRHIRenderer (26)
[2020.03.22-21.15.53:460][212]LogModuleManager: Shutting down and abandoning module OpenGLDrv (24)
[2020.03.22-21.15.53:460][212]LogModuleManager: Shutting down and abandoning module D3D11RHI (22)
[2020.03.22-21.15.53:460][212]LogModuleManager: Shutting down and abandoning module AnimGraphRuntime (20)
[2020.03.22-21.15.53:460][212]LogModuleManager: Shutting down and abandoning module Renderer (18)
[2020.03.22-21.15.53:460][212]LogModuleManager: Shutting down and abandoning module Engine (16)
[2020.03.22-21.15.53:460][212]LogModuleManager: Shutting down and abandoning module CoreUObject (14)
[2020.03.22-21.15.53:460][212]LogModuleManager: Shutting down and abandoning module NetworkFile (12)
[2020.03.22-21.15.53:460][212]LogModuleManager: Shutting down and abandoning module CookedIterativeFile (10)
[2020.03.22-21.15.53:460][212]LogModuleManager: Shutting down and abandoning module StreamingFile (8)
[2020.03.22-21.15.53:460][212]LogModuleManager: Shutting down and abandoning module SandboxFile (6)
[2020.03.22-21.15.53:460][212]LogModuleManager: Shutting down and abandoning module PakFile (4)
[2020.03.22-21.15.53:461][212]LogModuleManager: Shutting down and abandoning module RSA (3)
[2020.03.22-21.15.53:461][212]LogD3D11RHI: Shutdown
[2020.03.22-21.15.53:461][212]LogD3D11RHI: CleanupD3DDevice
[2020.03.22-21.15.53:462][212]LogRendererCore: FGlobalDynamicReadBuffer::Cleanup()
[2020.03.22-21.15.53:462][212]LogRendererCore: FGlobalDynamicReadBuffer::Cleanup()
[2020.03.22-21.15.53:462][212]LogRendererCore: FGlobalDynamicReadBuffer::Cleanup()
[2020.03.22-21.15.53:563][212]LogD3D11RHI: ~FD3D11DynamicRHI
[2020.03.22-21.15.53:567][212]LogExit: Exiting.
[2020.03.22-21.15.53:576][212]Log file closed, 03/22/20 22:15:53
